# JRE version: OpenJDK Runtime Environment JBR-11.0.13.7-1751.21-jcef (11.0.13+7) (build 11.0.13+7-b1751.21)
# Java VM: OpenJDK 64-Bit Server VM JBR-11.0.13.7-1751.21-jcef (11.0.13+7-b1751.21, mixed mode, tiered, compressed oops, g1 gc, windows-amd64)
Heap:
 garbage-first heap   total 326656K, used 206692K [0x0000000080000000, 0x0000000100000000)
  region size 1024K, 4 young (4096K), 4 survivors (4096K)
 Metaspace       used 133200K, capacity 137213K, committed 137372K, reserved 1169408K
  class space    used 16469K, capacity 17914K, committed 17996K, reserved 1048576K
GC Heap History (20 events):
Event: 445.688 GC heap after
{Heap after GC invocations=76 (full 0):
 garbage-first heap   total 270336K, used 193887K [0x0000000080000000, 0x0000000100000000)
  region size 1024K, 2 young (2048K), 2 survivors (2048K)
 Metaspace       used 125801K, capacity 129633K, committed 129820K, reserved 1163264K
  class space    used 15711K, capacity 17067K, committed 17100K, reserved 1048576K
}
Event: 445.957 GC heap before
{Heap before GC invocations=76 (full 0):
 garbage-first heap   total 270336K, used 226655K [0x0000000080000000, 0x0000000100000000)
  region size 1024K, 35 young (35840K), 2 survivors (2048K)
 Metaspace       used 127734K, capacity 131649K, committed 131868K, reserved 1163264K
  class space    used 15866K, capacity 17227K, committed 17356K, reserved 1048576K
}
Event: 445.965 GC heap after
{Heap after GC invocations=77 (full 0):
 garbage-first heap   total 270336K, used 195047K [0x0000000080000000, 0x0000000100000000)
  region size 1024K, 3 young (3072K), 3 survivors (3072K)
 Metaspace       used 127734K, capacity 131649K, committed 131868K, reserved 1163264K
  class space    used 15866K, capacity 17227K, committed 17356K, reserved 1048576K
}
Event: 446.249 GC heap before
{Heap before GC invocations=77 (full 0):
 garbage-first heap   total 270336K, used 224743K [0x0000000080000000, 0x0000000100000000)
  region size 1024K, 37 young (37888K), 3 survivors (3072K)
 Metaspace       used 128618K, capacity 132448K, committed 132636K, reserved 1165312K
  class space    used 15924K, capacity 17258K, committed 17356K, reserved 1048576K
}
Event: 446.256 GC heap after
{Heap after GC invocations=78 (full 0):
 garbage-first heap   total 270336K, used 192994K [0x0000000080000000, 0x0000000100000000)
  region size 1024K, 5 young (5120K), 5 survivors (5120K)
 Metaspace       used 128618K, capacity 132448K, committed 132636K, reserved 1165312K
  class space    used 15924K, capacity 17258K, committed 17356K, reserved 1048576K
}
Event: 446.705 GC heap before
{Heap before GC invocations=79 (full 0):
 garbage-first heap   total 270336K, used 228834K [0x0000000080000000, 0x0000000100000000)
  region size 1024K, 41 young (41984K), 5 survivors (5120K)
 Metaspace       used 129727K, capacity 133625K, committed 133788K, reserved 1165312K
  class space    used 16032K, capacity 17369K, committed 17484K, reserved 1048576K
}
Event: 446.711 GC heap after
{Heap after GC invocations=80 (full 0):
 garbage-first heap   total 270336K, used 192359K [0x0000000080000000, 0x0000000100000000)
  region size 1024K, 3 young (3072K), 3 survivors (3072K)
 Metaspace       used 129727K, capacity 133625K, committed 133788K, reserved 1165312K
  class space    used 16032K, capacity 17369K, committed 17484K, reserved 1048576K
}
Event: 446.850 GC heap before
{Heap before GC invocations=80 (full 0):
 garbage-first heap   total 270336K, used 201575K [0x0000000080000000, 0x0000000100000000)
  region size 1024K, 13 young (13312K), 3 survivors (3072K)
 Metaspace       used 129963K, capacity 133838K, committed 134044K, reserved 1165312K
  class space    used 16056K, capacity 17438K, committed 17484K, reserved 1048576K
}
Event: 446.865 GC heap after
{Heap after GC invocations=81 (full 0):
 garbage-first heap   total 270336K, used 176579K [0x0000000080000000, 0x0000000100000000)
  region size 1024K, 1 young (1024K), 1 survivors (1024K)
 Metaspace       used 129963K, capacity 133838K, committed 134044K, reserved 1165312K
  class space    used 16056K, capacity 17438K, committed 17484K, reserved 1048576K
}
Event: 447.677 GC heap before
{Heap before GC invocations=81 (full 0):
 garbage-first heap   total 270336K, used 222659K [0x0000000080000000, 0x0000000100000000)
  region size 1024K, 47 young (48128K), 1 survivors (1024K)
 Metaspace       used 130448K, capacity 134342K, committed 134556K, reserved 1167360K
  class space    used 16096K, capacity 17463K, committed 17484K, reserved 1048576K
}
Event: 447.683 GC heap after
{Heap after GC invocations=82 (full 0):
 garbage-first heap   total 270336K, used 177448K [0x0000000080000000, 0x0000000100000000)
  region size 1024K, 2 young (2048K), 2 survivors (2048K)
 Metaspace       used 130448K, capacity 134342K, committed 134556K, reserved 1167360K
  class space    used 16096K, capacity 17463K, committed 17484K, reserved 1048576K
}
Event: 448.349 GC heap before
{Heap before GC invocations=83 (full 0):
 garbage-first heap   total 270336K, used 226600K [0x0000000080000000, 0x0000000100000000)
  region size 1024K, 49 young (50176K), 2 survivors (2048K)
 Metaspace       used 130870K, capacity 134729K, committed 134940K, reserved 1167360K
  class space    used 16152K, capacity 17545K, committed 17612K, reserved 1048576K
}
Event: 448.357 GC heap after
{Heap after GC invocations=84 (full 0):
 garbage-first heap   total 270336K, used 188204K [0x0000000080000000, 0x0000000100000000)
  region size 1024K, 7 young (7168K), 7 survivors (7168K)
 Metaspace       used 130870K, capacity 134729K, committed 134940K, reserved 1167360K
  class space    used 16152K, capacity 17545K, committed 17612K, reserved 1048576K
}
Event: 448.368 GC heap before
{Heap before GC invocations=84 (full 0):
 garbage-first heap   total 270336K, used 193324K [0x0000000080000000, 0x0000000100000000)
  region size 1024K, 13 young (13312K), 7 survivors (7168K)
 Metaspace       used 130894K, capacity 134799K, committed 134940K, reserved 1167360K
  class space    used 16154K, capacity 17547K, committed 17612K, reserved 1048576K
}
Event: 448.376 GC heap after
{Heap after GC invocations=85 (full 0):
 garbage-first heap   total 270336K, used 183296K [0x0000000080000000, 0x0000000100000000)
  region size 1024K, 2 young (2048K), 2 survivors (2048K)
 Metaspace       used 130894K, capacity 134799K, committed 134940K, reserved 1167360K
  class space    used 16154K, capacity 17547K, committed 17612K, reserved 1048576K
}
Event: 448.772 GC heap before
{Heap before GC invocations=85 (full 0):
 garbage-first heap   total 270336K, used 224256K [0x0000000080000000, 0x0000000100000000)
  region size 1024K, 43 young (44032K), 2 survivors (2048K)
 Metaspace       used 132218K, capacity 136269K, committed 136476K, reserved 1167360K
  class space    used 16364K, capacity 17791K, committed 17868K, reserved 1048576K
}
Event: 448.790 GC heap after
{Heap after GC invocations=86 (full 0):
 garbage-first heap   total 270336K, used 192523K [0x0000000080000000, 0x0000000100000000)
  region size 1024K, 6 young (6144K), 6 survivors (6144K)
 Metaspace       used 132218K, capacity 136269K, committed 136476K, reserved 1167360K
  class space    used 16364K, capacity 17791K, committed 17868K, reserved 1048576K
}
Event: 449.112 GC heap before
{Heap before GC invocations=86 (full 0):
 garbage-first heap   total 270336K, used 226315K [0x0000000080000000, 0x0000000100000000)
  region size 1024K, 39 young (39936K), 6 survivors (6144K)
 Metaspace       used 132869K, capacity 136899K, committed 137116K, reserved 1169408K
  class space    used 16451K, capacity 17894K, committed 17996K, reserved 1048576K
}
Event: 449.126 GC heap after
{Heap after GC invocations=87 (full 0):
 garbage-first heap   total 270336K, used 200397K [0x0000000080000000, 0x0000000100000000)
  region size 1024K, 5 young (5120K), 5 survivors (5120K)
 Metaspace       used 132869K, capacity 136899K, committed 137116K, reserved 1169408K
  class space    used 16451K, capacity 17894K, committed 17996K, reserved 1048576K
}
Event: 449.330 GC heap before
{Heap before GC invocations=88 (full 0):
 garbage-first heap   total 270336K, used 228045K [0x0000000080000000, 0x0000000100000000)
  region size 1024K, 32 young (32768K), 5 survivors (5120K)
 Metaspace       used 133200K, capacity 137213K, committed 137372K, reserved 1169408K
  class space    used 16469K, capacity 17914K, committed 17996K, reserved 1048576K
}

