# JRE version: OpenJDK Runtime Environment JBR-11.0.13.7-1751.21-jcef (11.0.13+7) (build 11.0.13+7-b1751.21)
# Java VM: OpenJDK 64-Bit Server VM JBR-11.0.13.7-1751.21-jcef (11.0.13+7-b1751.21, mixed mode, tiered, compressed oops, g1 gc, windows-amd64)
Heap:
 garbage-first heap   total 503808K, used 336641K [0x0000000080000000, 0x0000000100000000)
  region size 1024K, 127 young (130048K), 20 survivors (20480K)
 Metaspace       used 111956K, capacity 115036K, committed 115240K, reserved 1148928K
  class space    used 14096K, capacity 15294K, committed 15308K, reserved 1048576K
GC Heap History (20 events):
Event: 43.158 GC heap before
{Heap before GC invocations=41 (full 0):
 garbage-first heap   total 158720K, used 143978K [0x0000000080000000, 0x0000000100000000)
  region size 1024K, 7 young (7168K), 1 survivors (1024K)
 Metaspace       used 101922K, capacity 104451K, committed 104616K, reserved 1140736K
  class space    used 12918K, capacity 13856K, committed 13900K, reserved 1048576K
}
Event: 43.165 GC heap after
{Heap after GC invocations=42 (full 0):
 garbage-first heap   total 158720K, used 141308K [0x0000000080000000, 0x0000000100000000)
  region size 1024K, 1 young (1024K), 1 survivors (1024K)
 Metaspace       used 101922K, capacity 104451K, committed 104616K, reserved 1140736K
  class space    used 12918K, capacity 13856K, committed 13900K, reserved 1048576K
}
Event: 43.209 GC heap before
{Heap before GC invocations=42 (full 0):
 garbage-first heap   total 158720K, used 147452K [0x0000000080000000, 0x0000000100000000)
  region size 1024K, 7 young (7168K), 1 survivors (1024K)
 Metaspace       used 101940K, capacity 104451K, committed 104616K, reserved 1140736K
  class space    used 12918K, capacity 13856K, committed 13900K, reserved 1048576K
}
Event: 43.215 GC heap after
{Heap after GC invocations=43 (full 0):
 garbage-first heap   total 158720K, used 144731K [0x0000000080000000, 0x0000000100000000)
  region size 1024K, 1 young (1024K), 1 survivors (1024K)
 Metaspace       used 101940K, capacity 104451K, committed 104616K, reserved 1140736K
  class space    used 12918K, capacity 13856K, committed 13900K, reserved 1048576K
}
Event: 43.268 GC heap before
{Heap before GC invocations=43 (full 0):
 garbage-first heap   total 158720K, used 150875K [0x0000000080000000, 0x0000000100000000)
  region size 1024K, 7 young (7168K), 1 survivors (1024K)
 Metaspace       used 101954K, capacity 104451K, committed 104616K, reserved 1140736K
  class space    used 12918K, capacity 13856K, committed 13900K, reserved 1048576K
}
Event: 43.273 GC heap after
{Heap after GC invocations=44 (full 0):
 garbage-first heap   total 158720K, used 147983K [0x0000000080000000, 0x0000000100000000)
  region size 1024K, 1 young (1024K), 1 survivors (1024K)
 Metaspace       used 101954K, capacity 104451K, committed 104616K, reserved 1140736K
  class space    used 12918K, capacity 13856K, committed 13900K, reserved 1048576K
}
Event: 43.316 GC heap before
{Heap before GC invocations=44 (full 0):
 garbage-first heap   total 158720K, used 154127K [0x0000000080000000, 0x0000000100000000)
  region size 1024K, 7 young (7168K), 1 survivors (1024K)
 Metaspace       used 101971K, capacity 104453K, committed 104616K, reserved 1140736K
  class space    used 12919K, capacity 13856K, committed 13900K, reserved 1048576K
}
Event: 43.325 GC heap after
{Heap after GC invocations=45 (full 0):
 garbage-first heap   total 251904K, used 151330K [0x0000000080000000, 0x0000000100000000)
  region size 1024K, 1 young (1024K), 1 survivors (1024K)
 Metaspace       used 101971K, capacity 104453K, committed 104616K, reserved 1140736K
  class space    used 12919K, capacity 13856K, committed 13900K, reserved 1048576K
}
Event: 43.544 GC heap before
{Heap before GC invocations=45 (full 0):
 garbage-first heap   total 251904K, used 176930K [0x0000000080000000, 0x0000000100000000)
  region size 1024K, 27 young (27648K), 1 survivors (1024K)
 Metaspace       used 101808K, capacity 104239K, committed 104616K, reserved 1140736K
  class space    used 12853K, capacity 13738K, committed 13900K, reserved 1048576K
}
Event: 43.559 GC heap after
{Heap after GC invocations=46 (full 0):
 garbage-first heap   total 251904K, used 165464K [0x0000000080000000, 0x0000000100000000)
  region size 1024K, 4 young (4096K), 4 survivors (4096K)
 Metaspace       used 101808K, capacity 104239K, committed 104616K, reserved 1140736K
  class space    used 12853K, capacity 13738K, committed 13900K, reserved 1048576K
}
Event: 43.822 GC heap before
{Heap before GC invocations=47 (full 0):
 garbage-first heap   total 251904K, used 186968K [0x0000000080000000, 0x0000000100000000)
  region size 1024K, 26 young (26624K), 4 survivors (4096K)
 Metaspace       used 103504K, capacity 106023K, committed 106408K, reserved 1142784K
  class space    used 13111K, capacity 14031K, committed 14156K, reserved 1048576K
}
Event: 43.836 GC heap after
{Heap after GC invocations=48 (full 0):
 garbage-first heap   total 251904K, used 173885K [0x0000000080000000, 0x0000000100000000)
  region size 1024K, 4 young (4096K), 4 survivors (4096K)
 Metaspace       used 103504K, capacity 106023K, committed 106408K, reserved 1142784K
  class space    used 13111K, capacity 14031K, committed 14156K, reserved 1048576K
}
Event: 44.130 GC heap before
{Heap before GC invocations=48 (full 0):
 garbage-first heap   total 251904K, used 195389K [0x0000000080000000, 0x0000000100000000)
  region size 1024K, 25 young (25600K), 4 survivors (4096K)
 Metaspace       used 104171K, capacity 106824K, committed 107048K, reserved 1142784K
  class space    used 13224K, capacity 14190K, committed 14284K, reserved 1048576K
}
Event: 44.145 GC heap after
{Heap after GC invocations=49 (full 0):
 garbage-first heap   total 251904K, used 177965K [0x0000000080000000, 0x0000000100000000)
  region size 1024K, 4 young (4096K), 4 survivors (4096K)
 Metaspace       used 104171K, capacity 106824K, committed 107048K, reserved 1142784K
  class space    used 13224K, capacity 14190K, committed 14284K, reserved 1048576K
}
Event: 44.494 GC heap before
{Heap before GC invocations=49 (full 0):
 garbage-first heap   total 251904K, used 191277K [0x0000000080000000, 0x0000000100000000)
  region size 1024K, 24 young (24576K), 4 survivors (4096K)
 Metaspace       used 104430K, capacity 107127K, committed 107304K, reserved 1142784K
  class space    used 13255K, capacity 14246K, committed 14284K, reserved 1048576K
}
Event: 44.520 GC heap after
{Heap after GC invocations=50 (full 0):
 garbage-first heap   total 503808K, used 173338K [0x0000000080000000, 0x0000000100000000)
  region size 1024K, 3 young (3072K), 3 survivors (3072K)
 Metaspace       used 104430K, capacity 107127K, committed 107304K, reserved 1142784K
  class space    used 13255K, capacity 14246K, committed 14284K, reserved 1048576K
}
Event: 46.336 GC heap before
{Heap before GC invocations=51 (full 0):
 garbage-first heap   total 503808K, used 285978K [0x0000000080000000, 0x0000000100000000)
  region size 1024K, 101 young (103424K), 3 survivors (3072K)
 Metaspace       used 105719K, capacity 108476K, committed 108840K, reserved 1144832K
  class space    used 13391K, capacity 14429K, committed 14540K, reserved 1048576K
}
Event: 46.353 GC heap after
{Heap after GC invocations=52 (full 0):
 garbage-first heap   total 503808K, used 194788K [0x0000000080000000, 0x0000000100000000)
  region size 1024K, 11 young (11264K), 11 survivors (11264K)
 Metaspace       used 105719K, capacity 108476K, committed 108840K, reserved 1144832K
  class space    used 13391K, capacity 14429K, committed 14540K, reserved 1048576K
}
Event: 47.519 GC heap before
{Heap before GC invocations=52 (full 0):
 garbage-first heap   total 503808K, used 361700K [0x0000000080000000, 0x0000000100000000)
  region size 1024K, 157 young (160768K), 11 survivors (11264K)
 Metaspace       used 107797K, capacity 110690K, committed 110888K, reserved 1144832K
  class space    used 13596K, capacity 14673K, committed 14796K, reserved 1048576K
}
Event: 47.566 GC heap after
{Heap after GC invocations=53 (full 0):
 garbage-first heap   total 503808K, used 225025K [0x0000000080000000, 0x0000000100000000)
  region size 1024K, 20 young (20480K), 20 survivors (20480K)
 Metaspace       used 107797K, capacity 110690K, committed 110888K, reserved 1144832K
  class space    used 13596K, capacity 14673K, committed 14796K, reserved 1048576K
}

